Using pre-set license
Built from '2021.1/china_unity/release' branch; Version is '2021.1.7f1c1 (4e944ebb9621) revision 5149774'; Using compiler version '192528614'; Build Type 'Release'
OS: 'Windows 10 Home; OS build 19043.1023; Version 2009; 64bit' Language: 'zh' Physical Memory: 16305 MB
BatchMode: 1, IsHumanControllingUs: 0, StartBugReporterOnCrash: 0, Is64bit: 1, IsPro: 0

 COMMAND LINE ARGUMENTS:
D:\UnityHub\Editors\2021.1.7f1c1\Editor\Unity.exe
-adb2
-batchMode
-noUpm
-name
AssetImportWorker0
-projectPath
D:/UnityProjects/UnlimitedScrollUI
-logFile
Logs/AssetImportWorker0.log
-srvPort
57460
Successfully changed project path to: D:/UnityProjects/UnlimitedScrollUI
D:/UnityProjects/UnlimitedScrollUI
Using Asset Import Pipeline V2.
Refreshing native plugins compatible for Editor in 68.35 ms, found 2 plugins.
Preloading 0 native plugins for Editor in 0.00 ms.
Initialize engine version: 2021.1.7f1c1 (4e944ebb9621)
[Subsystems] Discovering subsystems at path D:/UnityHub/Editors/2021.1.7f1c1/Editor/Data/Resources/UnitySubsystems
[Subsystems] Discovering subsystems at path D:/UnityProjects/UnlimitedScrollUI/Assets
GfxDevice: creating device client; threaded=0; jobified=0
Direct3D:
    Version:  Direct3D 11.0 [level 11.1]
    Renderer: NVIDIA GeForce RTX 3080 (ID=0x2206)
    Vendor:   NVIDIA
    VRAM:     10078 MB
    Driver:   27.21.14.6647
Initialize mono
Mono path[0] = 'D:/UnityHub/Editors/2021.1.7f1c1/Editor/Data/Managed'
Mono path[1] = 'D:/UnityHub/Editors/2021.1.7f1c1/Editor/Data/MonoBleedingEdge/lib/mono/unityjit'
Mono config path = 'D:/UnityHub/Editors/2021.1.7f1c1/Editor/Data/MonoBleedingEdge/etc'
Using monoOptions --debugger-agent=transport=dt_socket,embedding=1,server=y,suspend=n,address=127.0.0.1:56272
Begin MonoManager ReloadAssembly
Registering precompiled unity dll's ...
Register platform support module: D:/UnityHub/Editors/2021.1.7f1c1/Editor/Data/PlaybackEngines/WindowsStandaloneSupport/UnityEditor.WindowsStandalone.Extensions.dll
Registered in 0.000887 seconds.
Native extension for WindowsStandalone target not found
Refreshing native plugins compatible for Editor in 75.93 ms, found 2 plugins.
Preloading 0 native plugins for Editor in 0.00 ms.
Mono: successfully reloaded assembly
- Completed reload, in  0.873 seconds
Platform modules already initialized, skipping
Registering precompiled user dll's ...
Registered in 0.001988 seconds.
Begin MonoManager ReloadAssembly
Symbol file LoadedFromMemory doesn't match image D:\UnityProjects\UnlimitedScrollUI\Library\PackageCache\com.unity.visualscripting@1.6.1\Editor\VisualScripting.Core\Dependencies\YamlDotNet\Unity.VisualScripting.YamlDotNet.dll
Symbol file LoadedFromMemory doesn't match image D:\UnityProjects\UnlimitedScrollUI\Library\PackageCache\com.unity.visualscripting@1.6.1\Editor\VisualScripting.Core\Dependencies\DotNetZip\Unity.VisualScripting.IonicZip.dll
Native extension for WindowsStandalone target not found
Refreshing native plugins compatible for Editor in 70.29 ms, found 2 plugins.
Preloading 0 native plugins for Editor in 0.00 ms.
Mono: successfully reloaded assembly
- Completed reload, in  0.861 seconds
Platform modules already initialized, skipping
========================================================================
Worker process is ready to serve import requests
Launched and connected shader compiler UnityShaderCompiler.exe after 0.03 seconds
Refreshing native plugins compatible for Editor in 0.50 ms, found 2 plugins.
Preloading 0 native plugins for Editor in 0.00 ms.
Unloading 3213 Unused Serialized files (Serialized files now loaded: 0)
System memory in use before: 123.9 MB.
System memory in use after: 124.1 MB.

Unloading 22 unused Assets to reduce memory usage. Loaded Objects now: 3671.
Total: 1.918100 ms (FindLiveObjects: 0.255000 ms CreateObjectMapping: 0.137400 ms MarkObjects: 1.475900 ms  DeleteObjects: 0.048700 ms)

========================================================================
Received Import Request.
  path: Assets/New Script Graph.asset
  artifactKey: Guid(32141b2b54fe1044091514abfbdb5f5d) Importer(815301076,1909f56bfc062723c751e8b465ee728b)
Start importing Assets/New Script Graph.asset using Guid(32141b2b54fe1044091514abfbdb5f5d) Importer(815301076,1909f56bfc062723c751e8b465ee728b)  -> (artifact id: '73ca23a8b606071f59a24079f74916bf') in 0.080992 seconds 
========================================================================
Received Import Request.
  Time since last request: 302.988901 seconds.
  path: Assets/Unity.VisualScripting.Generated
  artifactKey: Guid(964c6ac43be89c94ba4c205aeb72b47e) Importer(815301076,1909f56bfc062723c751e8b465ee728b)
Start importing Assets/Unity.VisualScripting.Generated using Guid(964c6ac43be89c94ba4c205aeb72b47e) Importer(815301076,1909f56bfc062723c751e8b465ee728b)  -> (artifact id: 'f25fb9c406b6e67923394937b6bb2e46') in 0.005104 seconds 
========================================================================
Received Import Request.
  Time since last request: 2.256028 seconds.
  path: Assets/Unity.VisualScripting.Generated/VisualScripting.Flow
  artifactKey: Guid(24736f8a382cf104cba48be2895403f1) Importer(815301076,1909f56bfc062723c751e8b465ee728b)
Start importing Assets/Unity.VisualScripting.Generated/VisualScripting.Flow using Guid(24736f8a382cf104cba48be2895403f1) Importer(815301076,1909f56bfc062723c751e8b465ee728b)  -> (artifact id: '760d112b4fd9ae7fa24fba4f1b459034') in 0.004524 seconds 
========================================================================
Received Import Request.
  Time since last request: 1.668925 seconds.
  path: Assets/Unity.VisualScripting.Generated/VisualScripting.Flow/UnitOptions.db
  artifactKey: Guid(69b34fc7b092f91439b060dcf93c6752) Importer(815301076,1909f56bfc062723c751e8b465ee728b)
Start importing Assets/Unity.VisualScripting.Generated/VisualScripting.Flow/UnitOptions.db using Guid(69b34fc7b092f91439b060dcf93c6752) Importer(815301076,1909f56bfc062723c751e8b465ee728b)  -> (artifact id: '9ee26fa9f4a746b6cc4744109e708b5e') in 0.006575 seconds 
========================================================================
Received Import Request.
  Time since last request: 45.922856 seconds.
  path: Assets
  artifactKey: Guid(00000000000000001000000000000000) Importer(815301076,1909f56bfc062723c751e8b465ee728b)
Start importing Assets using Guid(00000000000000001000000000000000) Importer(815301076,1909f56bfc062723c751e8b465ee728b)  -> (artifact id: '42d402b061de3733987d63b9cc3b64de') in 0.004476 seconds 
