Using pre-set license
Built from '2021.1/china_unity/release' branch; Version is '2021.1.7f1c1 (4e944ebb9621) revision 5149774'; Using compiler version '192528614'; Build Type 'Release'
OS: 'Windows 10 Home; OS build 19043.1023; Version 2009; 64bit' Language: 'zh' Physical Memory: 16305 MB
BatchMode: 1, IsHumanControllingUs: 0, StartBugReporterOnCrash: 0, Is64bit: 1, IsPro: 0

 COMMAND LINE ARGUMENTS:
D:\UnityHub\Editors\2021.1.7f1c1\Editor\Unity.exe
-adb2
-batchMode
-noUpm
-name
AssetImportWorker0
-projectPath
D:/UnityProjects/UnlimitedScrollUI
-logFile
Logs/AssetImportWorker0.log
-srvPort
57430
Successfully changed project path to: D:/UnityProjects/UnlimitedScrollUI
D:/UnityProjects/UnlimitedScrollUI
Using Asset Import Pipeline V2.
Refreshing native plugins compatible for Editor in 72.61 ms, found 2 plugins.
Preloading 0 native plugins for Editor in 0.00 ms.
Initialize engine version: 2021.1.7f1c1 (4e944ebb9621)
[Subsystems] Discovering subsystems at path D:/UnityHub/Editors/2021.1.7f1c1/Editor/Data/Resources/UnitySubsystems
[Subsystems] Discovering subsystems at path D:/UnityProjects/UnlimitedScrollUI/Assets
GfxDevice: creating device client; threaded=0; jobified=0
Direct3D:
    Version:  Direct3D 11.0 [level 11.1]
    Renderer: NVIDIA GeForce RTX 3080 (ID=0x2206)
    Vendor:   NVIDIA
    VRAM:     10078 MB
    Driver:   27.21.14.6663
Initialize mono
Mono path[0] = 'D:/UnityHub/Editors/2021.1.7f1c1/Editor/Data/Managed'
Mono path[1] = 'D:/UnityHub/Editors/2021.1.7f1c1/Editor/Data/MonoBleedingEdge/lib/mono/unityjit'
Mono config path = 'D:/UnityHub/Editors/2021.1.7f1c1/Editor/Data/MonoBleedingEdge/etc'
Using monoOptions --debugger-agent=transport=dt_socket,embedding=1,server=y,suspend=n,address=127.0.0.1:56340
Begin MonoManager ReloadAssembly
Registering precompiled unity dll's ...
Register platform support module: D:/UnityHub/Editors/2021.1.7f1c1/Editor/Data/PlaybackEngines/WindowsStandaloneSupport/UnityEditor.WindowsStandalone.Extensions.dll
Registered in 0.000908 seconds.
Native extension for WindowsStandalone target not found
Refreshing native plugins compatible for Editor in 70.64 ms, found 2 plugins.
Preloading 0 native plugins for Editor in 0.00 ms.
Mono: successfully reloaded assembly
- Completed reload, in  0.821 seconds
Platform modules already initialized, skipping
Registering precompiled user dll's ...
Registered in 0.002381 seconds.
Begin MonoManager ReloadAssembly
Symbol file LoadedFromMemory doesn't match image D:\UnityProjects\UnlimitedScrollUI\Library\PackageCache\com.unity.visualscripting@1.6.1\Editor\VisualScripting.Core\Dependencies\YamlDotNet\Unity.VisualScripting.YamlDotNet.dll
Symbol file LoadedFromMemory doesn't match image D:\UnityProjects\UnlimitedScrollUI\Library\PackageCache\com.unity.visualscripting@1.6.1\Editor\VisualScripting.Core\Dependencies\DotNetZip\Unity.VisualScripting.IonicZip.dll
Native extension for WindowsStandalone target not found
Refreshing native plugins compatible for Editor in 74.14 ms, found 2 plugins.
Preloading 0 native plugins for Editor in 0.00 ms.
Mono: successfully reloaded assembly
- Completed reload, in  0.854 seconds
Platform modules already initialized, skipping
========================================================================
Worker process is ready to serve import requests
Launched and connected shader compiler UnityShaderCompiler.exe after 0.03 seconds
Refreshing native plugins compatible for Editor in 0.48 ms, found 2 plugins.
Preloading 0 native plugins for Editor in 0.00 ms.
Unloading 3219 Unused Serialized files (Serialized files now loaded: 0)
System memory in use before: 124.1 MB.
System memory in use after: 124.3 MB.

Unloading 23 unused Assets to reduce memory usage. Loaded Objects now: 3683.
Total: 2.099200 ms (FindLiveObjects: 0.266400 ms CreateObjectMapping: 0.155200 ms MarkObjects: 1.628000 ms  DeleteObjects: 0.048600 ms)

========================================================================
Received Import Request.
  path: Assets/Unlimited Scroll UI/Examples
  artifactKey: Guid(d1e7d64a174b9a84d99cdcd45a5d577b) Importer(815301076,1909f56bfc062723c751e8b465ee728b)
Start importing Assets/Unlimited Scroll UI/Examples using Guid(d1e7d64a174b9a84d99cdcd45a5d577b) Importer(815301076,1909f56bfc062723c751e8b465ee728b)  -> (artifact id: '2636c1e674a84e3dca0ae8ab5e437aca') in 0.008209 seconds 
========================================================================
Received Prepare
Registering precompiled user dll's ...
Registered in 0.002226 seconds.
Begin MonoManager ReloadAssembly
Symbol file LoadedFromMemory doesn't match image D:\UnityProjects\UnlimitedScrollUI\Library\PackageCache\com.unity.visualscripting@1.6.1\Editor\VisualScripting.Core\Dependencies\YamlDotNet\Unity.VisualScripting.YamlDotNet.dll
Symbol file LoadedFromMemory doesn't match image D:\UnityProjects\UnlimitedScrollUI\Library\PackageCache\com.unity.visualscripting@1.6.1\Editor\VisualScripting.Core\Dependencies\DotNetZip\Unity.VisualScripting.IonicZip.dll
Native extension for WindowsStandalone target not found
Refreshing native plugins compatible for Editor in 0.48 ms, found 2 plugins.
Preloading 0 native plugins for Editor in 0.00 ms.
Mono: successfully reloaded assembly
- Completed reload, in  0.733 seconds
Platform modules already initialized, skipping
Refreshing native plugins compatible for Editor in 0.47 ms, found 2 plugins.
Preloading 0 native plugins for Editor in 0.00 ms.
Unloading 3209 Unused Serialized files (Serialized files now loaded: 0)
System memory in use before: 123.6 MB.
System memory in use after: 123.8 MB.

Unloading 11 unused Assets to reduce memory usage. Loaded Objects now: 3686.
Total: 1.820800 ms (FindLiveObjects: 0.275100 ms CreateObjectMapping: 0.191400 ms MarkObjects: 1.337100 ms  DeleteObjects: 0.015800 ms)

========================================================================
Received Prepare
Registering precompiled user dll's ...
Registered in 0.002365 seconds.
Begin MonoManager ReloadAssembly
Symbol file LoadedFromMemory doesn't match image D:\UnityProjects\UnlimitedScrollUI\Library\PackageCache\com.unity.visualscripting@1.6.1\Editor\VisualScripting.Core\Dependencies\YamlDotNet\Unity.VisualScripting.YamlDotNet.dll
Symbol file LoadedFromMemory doesn't match image D:\UnityProjects\UnlimitedScrollUI\Library\PackageCache\com.unity.visualscripting@1.6.1\Editor\VisualScripting.Core\Dependencies\DotNetZip\Unity.VisualScripting.IonicZip.dll
Native extension for WindowsStandalone target not found
Refreshing native plugins compatible for Editor in 0.48 ms, found 2 plugins.
Preloading 0 native plugins for Editor in 0.00 ms.
Mono: successfully reloaded assembly
- Completed reload, in  0.725 seconds
Platform modules already initialized, skipping
Refreshing native plugins compatible for Editor in 0.47 ms, found 2 plugins.
Preloading 0 native plugins for Editor in 0.00 ms.
Unloading 3209 Unused Serialized files (Serialized files now loaded: 0)
System memory in use before: 123.7 MB.
System memory in use after: 123.9 MB.

Unloading 11 unused Assets to reduce memory usage. Loaded Objects now: 3689.
Total: 2.026400 ms (FindLiveObjects: 0.307000 ms CreateObjectMapping: 0.266400 ms MarkObjects: 1.435200 ms  DeleteObjects: 0.016700 ms)

========================================================================
Received Import Request.
  Time since last request: 24.921536 seconds.
  path: Assets/Unlimited Scroll UI/Examples/Scripts
  artifactKey: Guid(7c21aa977155acd49917700cd438edf0) Importer(815301076,1909f56bfc062723c751e8b465ee728b)
Start importing Assets/Unlimited Scroll UI/Examples/Scripts using Guid(7c21aa977155acd49917700cd438edf0) Importer(815301076,1909f56bfc062723c751e8b465ee728b)  -> (artifact id: '9467eb36e0b34664749340d8bab1f762') in 0.007795 seconds 
========================================================================
Received Prepare
Registering precompiled user dll's ...
Registered in 0.002203 seconds.
Begin MonoManager ReloadAssembly
Symbol file LoadedFromMemory doesn't match image D:\UnityProjects\UnlimitedScrollUI\Library\PackageCache\com.unity.visualscripting@1.6.1\Editor\VisualScripting.Core\Dependencies\YamlDotNet\Unity.VisualScripting.YamlDotNet.dll
Symbol file LoadedFromMemory doesn't match image D:\UnityProjects\UnlimitedScrollUI\Library\PackageCache\com.unity.visualscripting@1.6.1\Editor\VisualScripting.Core\Dependencies\DotNetZip\Unity.VisualScripting.IonicZip.dll
Native extension for WindowsStandalone target not found
Refreshing native plugins compatible for Editor in 0.53 ms, found 2 plugins.
Preloading 0 native plugins for Editor in 0.00 ms.
Mono: successfully reloaded assembly
- Completed reload, in  0.725 seconds
Platform modules already initialized, skipping
Refreshing native plugins compatible for Editor in 0.46 ms, found 2 plugins.
Preloading 0 native plugins for Editor in 0.00 ms.
Unloading 3209 Unused Serialized files (Serialized files now loaded: 0)
System memory in use before: 123.7 MB.
System memory in use after: 123.9 MB.

Unloading 11 unused Assets to reduce memory usage. Loaded Objects now: 3692.
Total: 1.894100 ms (FindLiveObjects: 0.253700 ms CreateObjectMapping: 0.203900 ms MarkObjects: 1.418900 ms  DeleteObjects: 0.016400 ms)

========================================================================
Received Import Request.
  Time since last request: 17.827513 seconds.
  path: Assets/Unlimited Scroll UI/Examples/Prefabs
  artifactKey: Guid(88d6b3774afd9ec40965aee3b849464a) Importer(815301076,1909f56bfc062723c751e8b465ee728b)
Start importing Assets/Unlimited Scroll UI/Examples/Prefabs using Guid(88d6b3774afd9ec40965aee3b849464a) Importer(815301076,1909f56bfc062723c751e8b465ee728b)  -> (artifact id: '65fdae9be94f85eead81476b6c01d9a7') in 0.007182 seconds 
========================================================================
Received Import Request.
  Time since last request: 3.922775 seconds.
  path: Assets/Unlimited Scroll UI/Examples/Prefabs/Cell.prefab
  artifactKey: Guid(074c0ce5b3ed30946bf700c01b8a0cc7) Importer(815301076,1909f56bfc062723c751e8b465ee728b)
Start importing Assets/Unlimited Scroll UI/Examples/Prefabs/Cell.prefab using Guid(074c0ce5b3ed30946bf700c01b8a0cc7) Importer(815301076,1909f56bfc062723c751e8b465ee728b)  -> (artifact id: 'c3a3c17c4bfd0f70d6abaf931ecb4bfa') in 0.047428 seconds 
========================================================================
Received Prepare
Registering precompiled user dll's ...
Registered in 0.002234 seconds.
Begin MonoManager ReloadAssembly
Symbol file LoadedFromMemory doesn't match image D:\UnityProjects\UnlimitedScrollUI\Library\PackageCache\com.unity.visualscripting@1.6.1\Editor\VisualScripting.Core\Dependencies\YamlDotNet\Unity.VisualScripting.YamlDotNet.dll
Symbol file LoadedFromMemory doesn't match image D:\UnityProjects\UnlimitedScrollUI\Library\PackageCache\com.unity.visualscripting@1.6.1\Editor\VisualScripting.Core\Dependencies\DotNetZip\Unity.VisualScripting.IonicZip.dll
Native extension for WindowsStandalone target not found
Refreshing native plugins compatible for Editor in 0.50 ms, found 2 plugins.
Preloading 0 native plugins for Editor in 0.00 ms.
Mono: successfully reloaded assembly
- Completed reload, in  0.726 seconds
Platform modules already initialized, skipping
Refreshing native plugins compatible for Editor in 0.47 ms, found 2 plugins.
Preloading 0 native plugins for Editor in 0.00 ms.
Unloading 3256 Unused Serialized files (Serialized files now loaded: 0)
System memory in use before: 126.8 MB.
System memory in use after: 126.4 MB.

Unloading 24 unused Assets to reduce memory usage. Loaded Objects now: 3729.
Total: 2.103800 ms (FindLiveObjects: 0.257100 ms CreateObjectMapping: 0.244200 ms MarkObjects: 1.406300 ms  DeleteObjects: 0.195200 ms)

========================================================================
Received Prepare
Registering precompiled user dll's ...
Registered in 0.002280 seconds.
Begin MonoManager ReloadAssembly
Symbol file LoadedFromMemory doesn't match image D:\UnityProjects\UnlimitedScrollUI\Library\PackageCache\com.unity.visualscripting@1.6.1\Editor\VisualScripting.Core\Dependencies\YamlDotNet\Unity.VisualScripting.YamlDotNet.dll
Symbol file LoadedFromMemory doesn't match image D:\UnityProjects\UnlimitedScrollUI\Library\PackageCache\com.unity.visualscripting@1.6.1\Editor\VisualScripting.Core\Dependencies\DotNetZip\Unity.VisualScripting.IonicZip.dll
Native extension for WindowsStandalone target not found
Refreshing native plugins compatible for Editor in 0.51 ms, found 2 plugins.
Preloading 0 native plugins for Editor in 0.00 ms.
Mono: successfully reloaded assembly
- Completed reload, in  0.724 seconds
Platform modules already initialized, skipping
Refreshing native plugins compatible for Editor in 0.46 ms, found 2 plugins.
Preloading 0 native plugins for Editor in 0.00 ms.
Unloading 3256 Unused Serialized files (Serialized files now loaded: 0)
System memory in use before: 126.8 MB.
System memory in use after: 126.4 MB.

Unloading 24 unused Assets to reduce memory usage. Loaded Objects now: 3732.
Total: 2.173900 ms (FindLiveObjects: 0.270200 ms CreateObjectMapping: 0.171900 ms MarkObjects: 1.527200 ms  DeleteObjects: 0.203700 ms)

========================================================================
Received Import Request.
  Time since last request: 192.323688 seconds.
  path: Assets/Unlimited Scroll UI/Examples/Prefabs/Cell.prefab
  artifactKey: Guid(074c0ce5b3ed30946bf700c01b8a0cc7) Importer(815301076,1909f56bfc062723c751e8b465ee728b)
Start importing Assets/Unlimited Scroll UI/Examples/Prefabs/Cell.prefab using Guid(074c0ce5b3ed30946bf700c01b8a0cc7) Importer(815301076,1909f56bfc062723c751e8b465ee728b)  -> (artifact id: '910a23f4617dceb58c3e1b5cf6158b38') in 0.066541 seconds 
========================================================================
Received Prepare
Registering precompiled user dll's ...
Registered in 0.002201 seconds.
Begin MonoManager ReloadAssembly
Symbol file LoadedFromMemory doesn't match image D:\UnityProjects\UnlimitedScrollUI\Library\PackageCache\com.unity.visualscripting@1.6.1\Editor\VisualScripting.Core\Dependencies\YamlDotNet\Unity.VisualScripting.YamlDotNet.dll
Symbol file LoadedFromMemory doesn't match image D:\UnityProjects\UnlimitedScrollUI\Library\PackageCache\com.unity.visualscripting@1.6.1\Editor\VisualScripting.Core\Dependencies\DotNetZip\Unity.VisualScripting.IonicZip.dll
Native extension for WindowsStandalone target not found
Refreshing native plugins compatible for Editor in 0.47 ms, found 2 plugins.
Preloading 0 native plugins for Editor in 0.00 ms.
Mono: successfully reloaded assembly
- Completed reload, in  0.704 seconds
Platform modules already initialized, skipping
Refreshing native plugins compatible for Editor in 0.47 ms, found 2 plugins.
Preloading 0 native plugins for Editor in 0.00 ms.
Unloading 3256 Unused Serialized files (Serialized files now loaded: 0)
System memory in use before: 126.8 MB.
System memory in use after: 126.4 MB.

Unloading 24 unused Assets to reduce memory usage. Loaded Objects now: 3735.
Total: 2.037800 ms (FindLiveObjects: 0.257300 ms CreateObjectMapping: 0.199300 ms MarkObjects: 1.378800 ms  DeleteObjects: 0.201600 ms)

========================================================================
Received Prepare
Registering precompiled user dll's ...
Registered in 0.002266 seconds.
Begin MonoManager ReloadAssembly
Symbol file LoadedFromMemory doesn't match image D:\UnityProjects\UnlimitedScrollUI\Library\PackageCache\com.unity.visualscripting@1.6.1\Editor\VisualScripting.Core\Dependencies\YamlDotNet\Unity.VisualScripting.YamlDotNet.dll
Symbol file LoadedFromMemory doesn't match image D:\UnityProjects\UnlimitedScrollUI\Library\PackageCache\com.unity.visualscripting@1.6.1\Editor\VisualScripting.Core\Dependencies\DotNetZip\Unity.VisualScripting.IonicZip.dll
Native extension for WindowsStandalone target not found
Refreshing native plugins compatible for Editor in 0.48 ms, found 2 plugins.
Preloading 0 native plugins for Editor in 0.00 ms.
Mono: successfully reloaded assembly
- Completed reload, in  0.707 seconds
Platform modules already initialized, skipping
Refreshing native plugins compatible for Editor in 0.48 ms, found 2 plugins.
Preloading 0 native plugins for Editor in 0.00 ms.
Unloading 3256 Unused Serialized files (Serialized files now loaded: 0)
System memory in use before: 126.8 MB.
System memory in use after: 126.4 MB.

Unloading 24 unused Assets to reduce memory usage. Loaded Objects now: 3738.
Total: 2.165500 ms (FindLiveObjects: 0.270500 ms CreateObjectMapping: 0.180900 ms MarkObjects: 1.502800 ms  DeleteObjects: 0.210500 ms)

========================================================================
Received Prepare
Registering precompiled user dll's ...
Registered in 0.002306 seconds.
Begin MonoManager ReloadAssembly
Symbol file LoadedFromMemory doesn't match image D:\UnityProjects\UnlimitedScrollUI\Library\PackageCache\com.unity.visualscripting@1.6.1\Editor\VisualScripting.Core\Dependencies\YamlDotNet\Unity.VisualScripting.YamlDotNet.dll
Symbol file LoadedFromMemory doesn't match image D:\UnityProjects\UnlimitedScrollUI\Library\PackageCache\com.unity.visualscripting@1.6.1\Editor\VisualScripting.Core\Dependencies\DotNetZip\Unity.VisualScripting.IonicZip.dll
Native extension for WindowsStandalone target not found
Refreshing native plugins compatible for Editor in 0.48 ms, found 2 plugins.
Preloading 0 native plugins for Editor in 0.00 ms.
Mono: successfully reloaded assembly
- Completed reload, in  0.706 seconds
Platform modules already initialized, skipping
Refreshing native plugins compatible for Editor in 0.48 ms, found 2 plugins.
Preloading 0 native plugins for Editor in 0.00 ms.
Unloading 3256 Unused Serialized files (Serialized files now loaded: 0)
System memory in use before: 126.9 MB.
System memory in use after: 126.4 MB.

Unloading 24 unused Assets to reduce memory usage. Loaded Objects now: 3741.
Total: 2.149200 ms (FindLiveObjects: 0.237000 ms CreateObjectMapping: 0.177100 ms MarkObjects: 1.539000 ms  DeleteObjects: 0.195100 ms)

AssetImportWorkerClient::OnTransportError - code=2 error=End of file
